<?xml version="1.0" encoding="UTF-8"?>
<testsuite name="CodeSharingPlatformTest" tests="1" skipped="0" failures="0" errors="0" timestamp="2022-12-15T16:09:58" hostname="Ahmets-MacBook-Air.local" time="29.435">
  <properties/>
  <testcase name="start" classname="CodeSharingPlatformTest" time="29.435"/>
  <system-out><![CDATA[?[1;31m
Start test 1?[0m
?[0;34m
?[0m?[0;34m  .   ____          _            __ _ _
?[0m?[0;34m /\\ / ___'_ __ _ _(_)_ __  __ _ \ \ \ \
?[0m?[0;34m( ( )\___ | '_ | '_| | '_ \/ _` | \ \ \ \
?[0m?[0;34m \\/  ___)| |_)| | | | | || (_| |  ) ) ) )
?[0m?[0;34m  '  |____| .__|_| |_|_| |_\__, | / / / /
?[0m?[0;34m =========|_|==============|___/=/_/_/_/
?[0m?[0;34m :: Spring Boot ::                (v2.5.6)
?[0m?[0;34m
?[0m?[0;34m2022-12-15 19:09:58.892  INFO 59135 --- [    Test worker] platform.CodeSharingPlatform             : Starting CodeSharingPlatform using Java 17.0.4.1 on Ahmets-MacBook-Air.local with PID 59135 (started by ahmetfikretcalikoglu in /Users/ahmetfikretcalikoglu/IdeaProjects/Code Sharing Platform/Code Sharing Platform/task)
?[0m?[0;34m2022-12-15 19:09:58.894 DEBUG 59135 --- [    Test worker] platform.CodeSharingPlatform             : Running with Spring Boot v2.5.6, Spring v5.3.12
?[0m?[0;34m2022-12-15 19:09:58.894  INFO 59135 --- [    Test worker] platform.CodeSharingPlatform             : No active profile set, falling back to default profiles: default
?[0m?[0;34m2022-12-15 19:09:59.280  INFO 59135 --- [    Test worker] .s.d.r.c.RepositoryConfigurationDelegate : Bootstrapping Spring Data JPA repositories in DEFAULT mode.
?[0m?[0;34m2022-12-15 19:09:59.300  INFO 59135 --- [    Test worker] .s.d.r.c.RepositoryConfigurationDelegate : Finished Spring Data repository scanning in 16 ms. Found 1 JPA repository interfaces.
?[0m?[0;34m2022-12-15 19:09:59.552  INFO 59135 --- [    Test worker] o.s.b.w.embedded.tomcat.TomcatWebServer  : Tomcat initialized with port(s): 8889 (http)
?[0m?[0;34m2022-12-15 19:09:59.558  INFO 59135 --- [    Test worker] o.apache.catalina.core.StandardService   : Starting service [Tomcat]
?[0m?[0;34m2022-12-15 19:09:59.558  INFO 59135 --- [    Test worker] org.apache.catalina.core.StandardEngine  : Starting Servlet engine: [Apache Tomcat/9.0.54]
?[0m?[0;34m2022-12-15 19:09:59.601  INFO 59135 --- [    Test worker] o.a.c.c.C.[Tomcat].[localhost].[/]       : Initializing Spring embedded WebApplicationContext
?[0m?[0;34m2022-12-15 19:09:59.601  INFO 59135 --- [    Test worker] w.s.c.ServletWebServerApplicationContext : Root WebApplicationContext: initialization completed in 688 ms
?[0m?[0;34m2022-12-15 19:09:59.655  INFO 59135 --- [    Test worker] com.zaxxer.hikari.HikariDataSource       : HikariPool-1 - Starting...
?[0m?[0;34m2022-12-15 19:09:59.745  INFO 59135 --- [    Test worker] com.zaxxer.hikari.HikariDataSource       : HikariPool-1 - Start completed.
?[0m?[0;34m2022-12-15 19:09:59.749  INFO 59135 --- [    Test worker] o.s.b.a.h2.H2ConsoleAutoConfiguration    : H2 console available at '/h2-console'. Database available at 'jdbc:h2:file:../snippets'
?[0m?[0;34m2022-12-15 19:09:59.833  INFO 59135 --- [    Test worker] o.hibernate.jpa.internal.util.LogHelper  : HHH000204: Processing PersistenceUnitInfo [name: default]
?[0m?[0;34m2022-12-15 19:09:59.857  INFO 59135 --- [    Test worker] org.hibernate.Version                    : HHH000412: Hibernate ORM core version 5.4.32.Final
?[0m?[0;34m2022-12-15 19:09:59.924  INFO 59135 --- [    Test worker] o.hibernate.annotations.common.Version   : HCANN000001: Hibernate Commons Annotations {5.1.2.Final}
?[0m?[0;34m2022-12-15 19:09:59.979  INFO 59135 --- [    Test worker] org.hibernate.dialect.Dialect            : HHH000400: Using dialect: org.hibernate.dialect.H2Dialect
?[0m?[0;34m2022-12-15 19:10:00.236  INFO 59135 --- [    Test worker] o.h.e.t.j.p.i.JtaPlatformInitiator       : HHH000490: Using JtaPlatform implementation: [org.hibernate.engine.transaction.jta.platform.internal.NoJtaPlatform]
?[0m?[0;34m2022-12-15 19:10:00.240  INFO 59135 --- [    Test worker] j.LocalContainerEntityManagerFactoryBean : Initialized JPA EntityManagerFactory for persistence unit 'default'
?[0m?[0;34m2022-12-15 19:10:00.400  WARN 59135 --- [    Test worker] JpaBaseConfiguration$JpaWebConfiguration : spring.jpa.open-in-view is enabled by default. Therefore, database queries may be performed during view rendering. Explicitly configure spring.jpa.open-in-view to disable this warning
?[0m?[0;34m2022-12-15 19:10:00.646  INFO 59135 --- [    Test worker] o.s.b.a.e.web.EndpointLinksResolver      : Exposing 14 endpoint(s) beneath base path '/actuator'
?[0m?[0;34m2022-12-15 19:10:00.671  INFO 59135 --- [    Test worker] o.s.b.w.embedded.tomcat.TomcatWebServer  : Tomcat started on port(s): 8889 (http) with context path ''
?[0m?[0;34m2022-12-15 19:10:00.680  INFO 59135 --- [    Test worker] platform.CodeSharingPlatform             : Started CodeSharingPlatform in 1.958 seconds (JVM running for 2.324)
?[0;34m2022-12-15 19:10:00.861  INFO 59135 --- [nio-8889-exec-1] o.a.c.c.C.[Tomcat].[localhost].[/]       : Initializing Spring DispatcherServlet 'dispatcherServlet'
?[0m?[0;34m2022-12-15 19:10:00.861  INFO 59135 --- [nio-8889-exec-1] o.s.web.servlet.DispatcherServlet        : Initializing Servlet 'dispatcherServlet'
?[0m?[0;34m2022-12-15 19:10:00.862  INFO 59135 --- [nio-8889-exec-1] o.s.web.servlet.DispatcherServlet        : Completed initialization in 1 ms
?[0m?[0;34m2022-12-15 19:10:00.876 DEBUG 59135 --- [nio-8889-exec-1] platform.CodeController                  : 
?[0m?[0;34m/code/new Get
?[0m?[1;31m
Start test 2?[0m
?[0;34m2022-12-15 19:10:00.989 DEBUG 59135 --- [nio-8889-exec-2] platform.CodeController                  : 
?[0m?[0;34mapi/code/new public static void ...
?[1;31m
Start test 3?[0m
?[0;34m2022-12-15 19:10:01.055 DEBUG 59135 --- [nio-8889-exec-3] platform.CodeController                  : 
?[0m?[0;34m/api/code/{n} public static void ... T: 0 V: 0
?[1;31m
Start test 4?[0m
?[0;34m2022-12-15 19:10:01.067 DEBUG 59135 --- [nio-8889-exec-6] platform.CodeController                  : 
?[0m?[0;34m/code/{n} public static void ... T: 0 V: 0
?[1;31m
Start test 5?[0m
?[0;34m2022-12-15 19:10:01.101 DEBUG 59135 --- [nio-8889-exec-7] platform.CodeController                  : [
?[0m?[0;34m/api/code/latest public static void ... 2022/12/15 19:10:00]
?[1;31m
Start test 6?[0m
?[0;34m2022-12-15 19:10:01.108 DEBUG 59135 --- [nio-8889-exec-8] platform.CodeController                  : [
?[0m?[0;34m/code/latest public static void ... 2022/12/15 19:10:00]
?[1;31m
Start test 7?[0m
?[0;34m2022-12-15 19:10:01.117 DEBUG 59135 --- [nio-8889-exec-9] platform.CodeController                  : 
?[0m?[0;34mapi/code/new class Code { ...
?[1;31m
Start test 8?[0m
?[0;34m2022-12-15 19:10:01.121 DEBUG 59135 --- [io-8889-exec-10] platform.CodeController                  : 
?[0m?[0;34m/api/code/{n} public static void ... T: 0 V: 0
?[1;31m
Start test 9?[0m
?[0m?[0;34m2022-12-15 19:10:01.126 DEBUG 59135 --- [nio-8889-exec-1] platform.CodeController                  : 
?[0m?[0;34m/code/{n} public static void ... T: 0 V: 0
?[1;31m
Start test 10?[0m
?[0m?[0;34m2022-12-15 19:10:01.131 DEBUG 59135 --- [nio-8889-exec-2] platform.CodeController                  : 
?[0m?[0;34m/api/code/{n} class Code { ... T: 0 V: 0
?[1;31m
Start test 11?[0m
?[0;34m2022-12-15 19:10:01.135 DEBUG 59135 --- [nio-8889-exec-4] platform.CodeController                  : 
?[0m?[0;34m/code/{n} class Code { ... T: 0 V: 0
?[1;31m
Start test 12?[0m
?[0;34m2022-12-15 19:10:01.140 DEBUG 59135 --- [nio-8889-exec-5] platform.CodeController                  : [
?[0m?[0;34m/api/code/latest class Code { ... 2022/12/15 19:10:01, 
?[0m?[0;34m/api/code/latest public static void ... 2022/12/15 19:10:00]
?[1;31m
Start test 13?[0m
?[0m?[0;34m2022-12-15 19:10:01.146 DEBUG 59135 --- [nio-8889-exec-3] platform.CodeController                  : [
?[0m?[0;34m/code/latest class Code { ... 2022/12/15 19:10:01, 
?[0m?[0;34m/code/latest public static void ... 2022/12/15 19:10:00]
?[1;31m
Start test 14?[0m
?[0m?[0;34m2022-12-15 19:10:01.151 DEBUG 59135 --- [nio-8889-exec-6] platform.CodeController                  : 
?[0m?[0;34mapi/code/new Snippet #3
?[1;31m
Start test 15?[0m
?[0m?[0;34m2022-12-15 19:10:01.156 DEBUG 59135 --- [nio-8889-exec-7] platform.CodeController                  : 
?[0m?[0;34mapi/code/new Snippet #4
?[1;31m
Start test 16?[0m
?[0m?[0;34m2022-12-15 19:10:01.160 DEBUG 59135 --- [nio-8889-exec-8] platform.CodeController                  : 
?[0m?[0;34mapi/code/new Snippet #5
?[1;31m
Start test 17?[0m
?[0m?[0;34m2022-12-15 19:10:01.165 DEBUG 59135 --- [nio-8889-exec-9] platform.CodeController                  : 
?[0m?[0;34mapi/code/new Snippet #6
?[1;31m
Start test 18?[0m
?[0m?[0;34m2022-12-15 19:10:01.169 DEBUG 59135 --- [io-8889-exec-10] platform.CodeController                  : 
?[0m?[0;34mapi/code/new Snippet #7
?[1;31m
Start test 19?[0m
?[0m?[0;34m2022-12-15 19:10:01.174 DEBUG 59135 --- [nio-8889-exec-1] platform.CodeController                  : 
?[0m?[0;34mapi/code/new Snippet #8
?[1;31m
Start test 20?[0m
?[0m?[0;34m2022-12-15 19:10:01.178 DEBUG 59135 --- [nio-8889-exec-2] platform.CodeController                  : 
?[0m?[0;34mapi/code/new Snippet #9
?[1;31m
Start test 21?[0m
?[0m?[0;34m2022-12-15 19:10:01.183 DEBUG 59135 --- [nio-8889-exec-4] platform.CodeController                  : 
?[0m?[0;34mapi/code/new Snippet #10
?[1;31m
Start test 22?[0m
?[0m?[0;34m2022-12-15 19:10:01.188 DEBUG 59135 --- [nio-8889-exec-5] platform.CodeController                  : 
?[0m?[0;34mapi/code/new Snippet #11
?[1;31m
Start test 23?[0m
?[0m?[0;34m2022-12-15 19:10:01.193 DEBUG 59135 --- [nio-8889-exec-3] platform.CodeController                  : 
?[0m?[0;34mapi/code/new Snippet #12
?[1;31m
Start test 24?[0m
?[0m?[0;34m2022-12-15 19:10:01.198 DEBUG 59135 --- [nio-8889-exec-6] platform.CodeController                  : 
?[0m?[0;34mapi/code/new Snippet #13
?[1;31m
Start test 25?[0m
?[0m?[0;34m2022-12-15 19:10:01.203 DEBUG 59135 --- [nio-8889-exec-7] platform.CodeController                  : 
?[0m?[0;34mapi/code/new Snippet #14
?[1;31m
Start test 26?[0m
?[0m?[0;34m2022-12-15 19:10:01.208 DEBUG 59135 --- [nio-8889-exec-8] platform.CodeController                  : 
?[0m?[0;34m/api/code/{n} public static void ... T: 0 V: 0
?[1;31m
Start test 27?[0m
?[0m?[0;34m2022-12-15 19:10:01.213 DEBUG 59135 --- [nio-8889-exec-9] platform.CodeController                  : 
?[0m?[0;34m/code/{n} public static void ... T: 0 V: 0
?[1;31m
Start test 28?[0m
?[0m?[0;34m2022-12-15 19:10:01.218 DEBUG 59135 --- [io-8889-exec-10] platform.CodeController                  : 
?[0m?[0;34m/api/code/{n} class Code { ... T: 0 V: 0
?[1;31m
Start test 29?[0m
?[0m?[0;34m2022-12-15 19:10:01.223 DEBUG 59135 --- [nio-8889-exec-1] platform.CodeController                  : 
?[0m?[0;34m/code/{n} class Code { ... T: 0 V: 0
?[1;31m
Start test 30?[0m
?[0m?[0;34m2022-12-15 19:10:01.228 DEBUG 59135 --- [nio-8889-exec-2] platform.CodeController                  : 
?[0m?[0;34m/api/code/{n} Snippet #3 T: 0 V: 0
?[1;31m
Start test 31?[0m
?[0m?[0;34m2022-12-15 19:10:01.233 DEBUG 59135 --- [nio-8889-exec-4] platform.CodeController                  : 
?[0m?[0;34m/code/{n} Snippet #3 T: 0 V: 0
?[1;31m
Start test 32?[0m
?[0m?[0;34m2022-12-15 19:10:01.238 DEBUG 59135 --- [nio-8889-exec-5] platform.CodeController                  : 
?[0m?[0;34m/api/code/{n} Snippet #4 T: 0 V: 0
?[1;31m
Start test 33?[0m
?[0m?[0;34m2022-12-15 19:10:01.243 DEBUG 59135 --- [nio-8889-exec-3] platform.CodeController                  : 
?[0m?[0;34m/code/{n} Snippet #4 T: 0 V: 0
?[1;31m
Start test 34?[0m
?[0m?[0;34m2022-12-15 19:10:01.248 DEBUG 59135 --- [nio-8889-exec-6] platform.CodeController                  : 
?[0m?[0;34m/api/code/{n} Snippet #5 T: 0 V: 0
?[1;31m
Start test 35?[0m
?[0m?[0;34m2022-12-15 19:10:01.252 DEBUG 59135 --- [nio-8889-exec-7] platform.CodeController                  : 
?[0m?[0;34m/code/{n} Snippet #5 T: 0 V: 0
?[1;31m
Start test 36?[0m
?[0m?[0;34m2022-12-15 19:10:01.257 DEBUG 59135 --- [nio-8889-exec-8] platform.CodeController                  : 
?[0m?[0;34m/api/code/{n} Snippet #6 T: 0 V: 0
?[1;31m
Start test 37?[0m
?[0m?[0;34m2022-12-15 19:10:01.261 DEBUG 59135 --- [nio-8889-exec-9] platform.CodeController                  : 
?[0m?[0;34m/code/{n} Snippet #6 T: 0 V: 0
?[1;31m
Start test 38?[0m
?[0m?[0;34m2022-12-15 19:10:01.265 DEBUG 59135 --- [io-8889-exec-10] platform.CodeController                  : 
?[0m?[0;34m/api/code/{n} Snippet #7 T: 0 V: 0
?[1;31m
Start test 39?[0m
?[0m?[0;34m2022-12-15 19:10:01.269 DEBUG 59135 --- [nio-8889-exec-1] platform.CodeController                  : 
?[0m?[0;34m/code/{n} Snippet #7 T: 0 V: 0
?[1;31m
Start test 40?[0m
?[0m?[0;34m2022-12-15 19:10:01.274 DEBUG 59135 --- [nio-8889-exec-2] platform.CodeController                  : 
?[0m?[0;34m/api/code/{n} Snippet #8 T: 0 V: 0
?[1;31m
Start test 41?[0m
?[0m?[0;34m2022-12-15 19:10:01.279 DEBUG 59135 --- [nio-8889-exec-4] platform.CodeController                  : 
?[0m?[0;34m/code/{n} Snippet #8 T: 0 V: 0
?[1;31m
Start test 42?[0m
?[0m?[0;34m2022-12-15 19:10:01.284 DEBUG 59135 --- [nio-8889-exec-5] platform.CodeController                  : 
?[0m?[0;34m/api/code/{n} Snippet #9 T: 0 V: 0
?[1;31m
Start test 43?[0m
?[0m?[0;34m2022-12-15 19:10:01.288 DEBUG 59135 --- [nio-8889-exec-3] platform.CodeController                  : 
?[0m?[0;34m/code/{n} Snippet #9 T: 0 V: 0
?[1;31m
Start test 44?[0m
?[0m?[0;34m2022-12-15 19:10:01.293 DEBUG 59135 --- [nio-8889-exec-6] platform.CodeController                  : 
?[0m?[0;34m/api/code/{n} Snippet #10 T: 0 V: 0
?[1;31m
Start test 45?[0m
?[0m?[0;34m2022-12-15 19:10:01.297 DEBUG 59135 --- [nio-8889-exec-7] platform.CodeController                  : 
?[0m?[0;34m/code/{n} Snippet #10 T: 0 V: 0
?[1;31m
Start test 46?[0m
?[0m?[0;34m2022-12-15 19:10:01.302 DEBUG 59135 --- [nio-8889-exec-8] platform.CodeController                  : 
?[0m?[0;34m/api/code/{n} Snippet #11 T: 0 V: 0
?[1;31m
Start test 47?[0m
?[0m?[0;34m2022-12-15 19:10:01.306 DEBUG 59135 --- [nio-8889-exec-9] platform.CodeController                  : 
?[0m?[0;34m/code/{n} Snippet #11 T: 0 V: 0
?[1;31m
Start test 48?[0m
?[0m?[0;34m2022-12-15 19:10:01.311 DEBUG 59135 --- [io-8889-exec-10] platform.CodeController                  : 
?[0m?[0;34m/api/code/{n} Snippet #12 T: 0 V: 0
?[1;31m
Start test 49?[0m
?[0m?[0;34m2022-12-15 19:10:01.315 DEBUG 59135 --- [nio-8889-exec-1] platform.CodeController                  : 
?[0m?[0;34m/code/{n} Snippet #12 T: 0 V: 0
?[1;31m
Start test 50?[0m
?[0m?[0;34m2022-12-15 19:10:01.320 DEBUG 59135 --- [nio-8889-exec-2] platform.CodeController                  : 
?[0m?[0;34m/api/code/{n} Snippet #13 T: 0 V: 0
?[1;31m
Start test 51?[0m
?[0m?[0;34m2022-12-15 19:10:01.324 DEBUG 59135 --- [nio-8889-exec-4] platform.CodeController                  : 
?[0m?[0;34m/code/{n} Snippet #13 T: 0 V: 0
?[1;31m
Start test 52?[0m
?[0m?[0;34m2022-12-15 19:10:01.329 DEBUG 59135 --- [nio-8889-exec-5] platform.CodeController                  : 
?[0m?[0;34m/api/code/{n} Snippet #14 T: 0 V: 0
?[1;31m
Start test 53?[0m
?[0m?[0;34m2022-12-15 19:10:01.333 DEBUG 59135 --- [nio-8889-exec-3] platform.CodeController                  : 
?[0m?[0;34m/code/{n} Snippet #14 T: 0 V: 0
?[1;31m
Start test 54?[0m
?[0m?[0;34m2022-12-15 19:10:01.339 DEBUG 59135 --- [nio-8889-exec-6] platform.CodeController                  : [
?[0m?[0;34m/api/code/latest Snippet #14 2022/12/15 19:10:01, 
?[0m?[0;34m/api/code/latest Snippet #13 2022/12/15 19:10:01, 
?[0m?[0;34m/api/code/latest Snippet #12 2022/12/15 19:10:01, 
?[0m?[0;34m/api/code/latest Snippet #11 2022/12/15 19:10:01, 
?[0m?[0;34m/api/code/latest Snippet #10 2022/12/15 19:10:01, 
?[0m?[0;34m/api/code/latest Snippet #9 2022/12/15 19:10:01, 
?[0m?[0;34m/api/code/latest Snippet #8 2022/12/15 19:10:01, 
?[0m?[0;34m/api/code/latest Snippet #7 2022/12/15 19:10:01, 
?[0m?[0;34m/api/code/latest Snippet #6 2022/12/15 19:10:01, 
?[0m?[0;34m/api/code/latest Snippet #5 2022/12/15 19:10:01]
?[1;31m
Start test 55?[0m
?[0m?[0;34m2022-12-15 19:10:01.344 DEBUG 59135 --- [nio-8889-exec-7] platform.CodeController                  : [
?[0m?[0;34m/code/latest Snippet #14 2022/12/15 19:10:01, 
?[0m?[0;34m/code/latest Snippet #13 2022/12/15 19:10:01, 
?[0m?[0;34m/code/latest Snippet #12 2022/12/15 19:10:01, 
?[0m?[0;34m/code/latest Snippet #11 2022/12/15 19:10:01, 
?[0m?[0;34m/code/latest Snippet #10 2022/12/15 19:10:01, 
?[0m?[0;34m/code/latest Snippet #9 2022/12/15 19:10:01, 
?[0m?[0;34m/code/latest Snippet #8 2022/12/15 19:10:01, 
?[0m?[0;34m/code/latest Snippet #7 2022/12/15 19:10:01, 
?[0m?[0;34m/code/latest Snippet #6 2022/12/15 19:10:01, 
?[0m?[0;34m/code/latest Snippet #5 2022/12/15 19:10:01]
?[1;31m
Start test 56?[0m
?[0;34m2022-12-15 19:10:01.889  INFO 59135 --- [       Thread-5] j.LocalContainerEntityManagerFactoryBean : Closing JPA EntityManagerFactory for persistence unit 'default'
?[0m?[0;34m2022-12-15 19:10:01.891  INFO 59135 --- [       Thread-5] com.zaxxer.hikari.HikariDataSource       : HikariPool-1 - Shutdown initiated...
?[0m?[0;34m2022-12-15 19:10:02.102  INFO 59135 --- [       Thread-5] com.zaxxer.hikari.HikariDataSource       : HikariPool-1 - Shutdown completed.
?[0;34m
?[0m?[0;34m  .   ____          _            __ _ _
?[0m?[0;34m /\\ / ___'_ __ _ _(_)_ __  __ _ \ \ \ \
?[0m?[0;34m( ( )\___ | '_ | '_| | '_ \/ _` | \ \ \ \
?[0m?[0;34m \\/  ___)| |_)| | | | | || (_| |  ) ) ) )
?[0m?[0;34m  '  |____| .__|_| |_|_| |_\__, | / / / /
?[0m?[0;34m =========|_|==============|___/=/_/_/_/
?[0m?[0;34m :: Spring Boot ::                (v2.5.6)
?[0m?[0;34m
?[0m?[0;34m2022-12-15 19:10:11.760  INFO 59135 --- [    Test worker] platform.CodeSharingPlatform             : Starting CodeSharingPlatform using Java 17.0.4.1 on Ahmets-MacBook-Air.local with PID 59135 (started by ahmetfikretcalikoglu in /Users/ahmetfikretcalikoglu/IdeaProjects/Code Sharing Platform/Code Sharing Platform/task)
?[0m?[0;34m2022-12-15 19:10:11.760 DEBUG 59135 --- [    Test worker] platform.CodeSharingPlatform             : Running with Spring Boot v2.5.6, Spring v5.3.12
?[0m?[0;34m2022-12-15 19:10:11.760  INFO 59135 --- [    Test worker] platform.CodeSharingPlatform             : No active profile set, falling back to default profiles: default
?[0m?[0;34m2022-12-15 19:10:11.861  INFO 59135 --- [    Test worker] .s.d.r.c.RepositoryConfigurationDelegate : Bootstrapping Spring Data JPA repositories in DEFAULT mode.
?[0m?[0;34m2022-12-15 19:10:11.863  INFO 59135 --- [    Test worker] .s.d.r.c.RepositoryConfigurationDelegate : Finished Spring Data repository scanning in 1 ms. Found 1 JPA repository interfaces.
?[0m?[0;34m2022-12-15 19:10:11.893  INFO 59135 --- [    Test worker] o.s.b.w.embedded.tomcat.TomcatWebServer  : Tomcat initialized with port(s): 8889 (http)
?[0m?[0;34m2022-12-15 19:10:11.894  INFO 59135 --- [    Test worker] o.apache.catalina.core.StandardService   : Starting service [Tomcat]
?[0m?[0;34m2022-12-15 19:10:11.894  INFO 59135 --- [    Test worker] org.apache.catalina.core.StandardEngine  : Starting Servlet engine: [Apache Tomcat/9.0.54]
?[0m?[0;34m2022-12-15 19:10:11.903  INFO 59135 --- [    Test worker] o.a.c.c.C.[Tomcat].[localhost].[/]       : Initializing Spring embedded WebApplicationContext
?[0m?[0;34m2022-12-15 19:10:11.903  INFO 59135 --- [    Test worker] w.s.c.ServletWebServerApplicationContext : Root WebApplicationContext: initialization completed in 141 ms
?[0m?[0;34m2022-12-15 19:10:11.916  INFO 59135 --- [    Test worker] com.zaxxer.hikari.HikariDataSource       : HikariPool-2 - Starting...
?[0m?[0;34m2022-12-15 19:10:11.919  INFO 59135 --- [    Test worker] com.zaxxer.hikari.HikariDataSource       : HikariPool-2 - Start completed.
?[0m?[0;34m2022-12-15 19:10:11.919  INFO 59135 --- [    Test worker] o.s.b.a.h2.H2ConsoleAutoConfiguration    : H2 console available at '/h2-console'. Database available at 'jdbc:h2:file:../snippets'
?[0m?[0;34m2022-12-15 19:10:11.933  INFO 59135 --- [    Test worker] o.hibernate.jpa.internal.util.LogHelper  : HHH000204: Processing PersistenceUnitInfo [name: default]
?[0m?[0;34m2022-12-15 19:10:11.934  INFO 59135 --- [    Test worker] org.hibernate.dialect.Dialect            : HHH000400: Using dialect: org.hibernate.dialect.H2Dialect
?[0m?[0;34m2022-12-15 19:10:11.956  INFO 59135 --- [    Test worker] o.h.e.t.j.p.i.JtaPlatformInitiator       : HHH000490: Using JtaPlatform implementation: [org.hibernate.engine.transaction.jta.platform.internal.NoJtaPlatform]
?[0m?[0;34m2022-12-15 19:10:11.956  INFO 59135 --- [    Test worker] j.LocalContainerEntityManagerFactoryBean : Initialized JPA EntityManagerFactory for persistence unit 'default'
?[0m?[0;34m2022-12-15 19:10:11.978  WARN 59135 --- [    Test worker] JpaBaseConfiguration$JpaWebConfiguration : spring.jpa.open-in-view is enabled by default. Therefore, database queries may be performed during view rendering. Explicitly configure spring.jpa.open-in-view to disable this warning
?[0m?[0;34m2022-12-15 19:10:12.047  INFO 59135 --- [    Test worker] o.s.b.a.e.web.EndpointLinksResolver      : Exposing 14 endpoint(s) beneath base path '/actuator'
?[0m?[0;34m2022-12-15 19:10:12.054  INFO 59135 --- [    Test worker] o.s.b.w.embedded.tomcat.TomcatWebServer  : Tomcat started on port(s): 8889 (http) with context path ''
?[0m?[0;34m2022-12-15 19:10:12.057  INFO 59135 --- [    Test worker] platform.CodeSharingPlatform             : Started CodeSharingPlatform in 0.321 seconds (JVM running for 13.702)
?[0m?[1;31m
Start test 57?[0m
?[0;34m2022-12-15 19:10:12.059  INFO 59135 --- [nio-8889-exec-1] o.a.c.c.C.[Tomcat].[localhost].[/]       : Initializing Spring DispatcherServlet 'dispatcherServlet'
?[0m?[0;34m2022-12-15 19:10:12.060  INFO 59135 --- [nio-8889-exec-1] o.s.web.servlet.DispatcherServlet        : Initializing Servlet 'dispatcherServlet'
?[0m?[0;34m2022-12-15 19:10:12.060  INFO 59135 --- [nio-8889-exec-1] o.s.web.servlet.DispatcherServlet        : Completed initialization in 0 ms
?[0m?[0;34m2022-12-15 19:10:12.064 DEBUG 59135 --- [nio-8889-exec-1] platform.CodeController                  : 
?[0m?[0;34m/api/code/{n} public static void ... T: 0 V: 0
?[1;31m
Start test 58?[0m
?[0;34m2022-12-15 19:10:12.069 DEBUG 59135 --- [nio-8889-exec-2] platform.CodeController                  : 
?[0m?[0;34m/code/{n} public static void ... T: 0 V: 0
?[1;31m
Start test 59?[0m
?[0;34m2022-12-15 19:10:12.076 DEBUG 59135 --- [nio-8889-exec-3] platform.CodeController                  : 
?[0m?[0;34m/api/code/{n} class Code { ... T: 0 V: 0
?[1;31m
Start test 60?[0m
?[0;34m2022-12-15 19:10:12.083 DEBUG 59135 --- [nio-8889-exec-4] platform.CodeController                  : 
?[0m?[0;34m/code/{n} class Code { ... T: 0 V: 0
?[1;31m
Start test 61?[0m
?[0;34m2022-12-15 19:10:12.088 DEBUG 59135 --- [nio-8889-exec-5] platform.CodeController                  : 
?[0m?[0;34m/api/code/{n} Snippet #3 T: 0 V: 0
?[1;31m
Start test 62?[0m
?[0;34m2022-12-15 19:10:12.092 DEBUG 59135 --- [nio-8889-exec-6] platform.CodeController                  : 
?[0m?[0;34m/code/{n} Snippet #3 T: 0 V: 0
?[1;31m
Start test 63?[0m
?[0;34m2022-12-15 19:10:12.098 DEBUG 59135 --- [nio-8889-exec-7] platform.CodeController                  : 
?[0m?[0;34m/api/code/{n} Snippet #4 T: 0 V: 0
?[1;31m
Start test 64?[0m
?[0;34m2022-12-15 19:10:12.102 DEBUG 59135 --- [nio-8889-exec-8] platform.CodeController                  : 
?[0m?[0;34m/code/{n} Snippet #4 T: 0 V: 0
?[1;31m
Start test 65?[0m
?[0;34m2022-12-15 19:10:12.107 DEBUG 59135 --- [nio-8889-exec-9] platform.CodeController                  : 
?[0m?[0;34m/api/code/{n} Snippet #5 T: 0 V: 0
?[1;31m
Start test 66?[0m
?[0;34m2022-12-15 19:10:12.111 DEBUG 59135 --- [io-8889-exec-10] platform.CodeController                  : 
?[0m?[0;34m/code/{n} Snippet #5 T: 0 V: 0
?[1;31m
Start test 67?[0m
?[0m?[0;34m2022-12-15 19:10:12.116 DEBUG 59135 --- [nio-8889-exec-1] platform.CodeController                  : 
?[0m?[0;34m/api/code/{n} Snippet #6 T: 0 V: 0
?[1;31m
Start test 68?[0m
?[0m?[0;34m2022-12-15 19:10:12.121 DEBUG 59135 --- [nio-8889-exec-2] platform.CodeController                  : 
?[0m?[0;34m/code/{n} Snippet #6 T: 0 V: 0
?[1;31m
Start test 69?[0m
?[0m?[0;34m2022-12-15 19:10:12.125 DEBUG 59135 --- [nio-8889-exec-3] platform.CodeController                  : 
?[0m?[0;34m/api/code/{n} Snippet #7 T: 0 V: 0
?[1;31m
Start test 70?[0m
?[0m?[0;34m2022-12-15 19:10:12.130 DEBUG 59135 --- [nio-8889-exec-4] platform.CodeController                  : 
?[0m?[0;34m/code/{n} Snippet #7 T: 0 V: 0
?[1;31m
Start test 71?[0m
?[0m?[0;34m2022-12-15 19:10:12.135 DEBUG 59135 --- [nio-8889-exec-5] platform.CodeController                  : 
?[0m?[0;34m/api/code/{n} Snippet #8 T: 0 V: 0
?[1;31m
Start test 72?[0m
?[0m?[0;34m2022-12-15 19:10:12.139 DEBUG 59135 --- [nio-8889-exec-6] platform.CodeController                  : 
?[0m?[0;34m/code/{n} Snippet #8 T: 0 V: 0
?[1;31m
Start test 73?[0m
?[0m?[0;34m2022-12-15 19:10:12.144 DEBUG 59135 --- [nio-8889-exec-7] platform.CodeController                  : 
?[0m?[0;34m/api/code/{n} Snippet #9 T: 0 V: 0
?[1;31m
Start test 74?[0m
?[0m?[0;34m2022-12-15 19:10:12.148 DEBUG 59135 --- [nio-8889-exec-8] platform.CodeController                  : 
?[0m?[0;34m/code/{n} Snippet #9 T: 0 V: 0
?[1;31m
Start test 75?[0m
?[0m?[0;34m2022-12-15 19:10:12.153 DEBUG 59135 --- [nio-8889-exec-9] platform.CodeController                  : 
?[0m?[0;34m/api/code/{n} Snippet #10 T: 0 V: 0
?[1;31m
Start test 76?[0m
?[0m?[0;34m2022-12-15 19:10:12.157 DEBUG 59135 --- [io-8889-exec-10] platform.CodeController                  : 
?[0m?[0;34m/code/{n} Snippet #10 T: 0 V: 0
?[1;31m
Start test 77?[0m
?[0m?[0;34m2022-12-15 19:10:12.162 DEBUG 59135 --- [nio-8889-exec-1] platform.CodeController                  : 
?[0m?[0;34m/api/code/{n} Snippet #11 T: 0 V: 0
?[1;31m
Start test 78?[0m
?[0m?[0;34m2022-12-15 19:10:12.166 DEBUG 59135 --- [nio-8889-exec-2] platform.CodeController                  : 
?[0m?[0;34m/code/{n} Snippet #11 T: 0 V: 0
?[1;31m
Start test 79?[0m
?[0m?[0;34m2022-12-15 19:10:12.171 DEBUG 59135 --- [nio-8889-exec-3] platform.CodeController                  : 
?[0m?[0;34m/api/code/{n} Snippet #12 T: 0 V: 0
?[1;31m
Start test 80?[0m
?[0m?[0;34m2022-12-15 19:10:12.175 DEBUG 59135 --- [nio-8889-exec-4] platform.CodeController                  : 
?[0m?[0;34m/code/{n} Snippet #12 T: 0 V: 0
?[1;31m
Start test 81?[0m
?[0m?[0;34m2022-12-15 19:10:12.179 DEBUG 59135 --- [nio-8889-exec-5] platform.CodeController                  : 
?[0m?[0;34m/api/code/{n} Snippet #13 T: 0 V: 0
?[1;31m
Start test 82?[0m
?[0m?[0;34m2022-12-15 19:10:12.184 DEBUG 59135 --- [nio-8889-exec-6] platform.CodeController                  : 
?[0m?[0;34m/code/{n} Snippet #13 T: 0 V: 0
?[1;31m
Start test 83?[0m
?[0m?[0;34m2022-12-15 19:10:12.189 DEBUG 59135 --- [nio-8889-exec-7] platform.CodeController                  : 
?[0m?[0;34m/api/code/{n} Snippet #14 T: 0 V: 0
?[1;31m
Start test 84?[0m
?[0m?[0;34m2022-12-15 19:10:12.193 DEBUG 59135 --- [nio-8889-exec-8] platform.CodeController                  : 
?[0m?[0;34m/code/{n} Snippet #14 T: 0 V: 0
?[1;31m
Start test 85?[0m
?[0m?[0;34m2022-12-15 19:10:12.200 DEBUG 59135 --- [nio-8889-exec-9] platform.CodeController                  : [
?[0m?[0;34m/api/code/latest Snippet #14 2022/12/15 19:10:01, 
?[0m?[0;34m/api/code/latest Snippet #13 2022/12/15 19:10:01, 
?[0m?[0;34m/api/code/latest Snippet #12 2022/12/15 19:10:01, 
?[0m?[0;34m/api/code/latest Snippet #11 2022/12/15 19:10:01, 
?[0m?[0;34m/api/code/latest Snippet #10 2022/12/15 19:10:01, 
?[0m?[0;34m/api/code/latest Snippet #9 2022/12/15 19:10:01, 
?[0m?[0;34m/api/code/latest Snippet #8 2022/12/15 19:10:01, 
?[0m?[0;34m/api/code/latest Snippet #7 2022/12/15 19:10:01, 
?[0m?[0;34m/api/code/latest Snippet #6 2022/12/15 19:10:01, 
?[0m?[0;34m/api/code/latest Snippet #5 2022/12/15 19:10:01]
?[1;31m
Start test 86?[0m
?[0m?[0;34m2022-12-15 19:10:12.206 DEBUG 59135 --- [io-8889-exec-10] platform.CodeController                  : [
?[0m?[0;34m/code/latest Snippet #14 2022/12/15 19:10:01, 
?[0m?[0;34m/code/latest Snippet #13 2022/12/15 19:10:01, 
?[0m?[0;34m/code/latest Snippet #12 2022/12/15 19:10:01, 
?[0m?[0;34m/code/latest Snippet #11 2022/12/15 19:10:01, 
?[0m?[0;34m/code/latest Snippet #10 2022/12/15 19:10:01, 
?[0m?[0;34m/code/latest Snippet #9 2022/12/15 19:10:01, 
?[0m?[0;34m/code/latest Snippet #8 2022/12/15 19:10:01, 
?[0m?[0;34m/code/latest Snippet #7 2022/12/15 19:10:01, 
?[0m?[0;34m/code/latest Snippet #6 2022/12/15 19:10:01, 
?[0m?[0;34m/code/latest Snippet #5 2022/12/15 19:10:01]
?[1;31m
Start test 87?[0m
?[0m?[0;34m2022-12-15 19:10:12.215 DEBUG 59135 --- [nio-8889-exec-1] platform.CodeController                  : 
?[0m?[0;34mapi/code/new Snippet #15
?[1;31m
Start test 88?[0m
?[0m?[0;34m2022-12-15 19:10:12.220 DEBUG 59135 --- [nio-8889-exec-2] platform.CodeController                  : 
?[0m?[0;34mapi/code/new Snippet #16
?[1;31m
Start test 89?[0m
?[0m?[0;34m2022-12-15 19:10:12.224 DEBUG 59135 --- [nio-8889-exec-3] platform.CodeController                  : 
?[0m?[0;34mapi/code/new Snippet #17
?[1;31m
Start test 90?[0m
?[0m?[0;34m2022-12-15 19:10:12.228 DEBUG 59135 --- [nio-8889-exec-4] platform.CodeController                  : 
?[0m?[0;34mapi/code/new Snippet #18
?[1;31m
Start test 91?[0m
?[0m?[0;34m2022-12-15 19:10:12.233 DEBUG 59135 --- [nio-8889-exec-5] platform.CodeController                  : 
?[0m?[0;34mapi/code/new Snippet #19
?[1;31m
Start test 92?[0m
?[0m?[0;34m2022-12-15 19:10:12.236 DEBUG 59135 --- [nio-8889-exec-6] platform.CodeController                  : 
?[0m?[0;34mapi/code/new Snippet #20
?[1;31m
Start test 93?[0m
?[0m?[0;34m2022-12-15 19:10:12.240 DEBUG 59135 --- [nio-8889-exec-7] platform.CodeController                  : 
?[0m?[0;34mapi/code/new Snippet #21
?[1;31m
Start test 94?[0m
?[0m?[0;34m2022-12-15 19:10:12.244 DEBUG 59135 --- [nio-8889-exec-8] platform.CodeController                  : 
?[0m?[0;34mapi/code/new Snippet #22
?[1;31m
Start test 95?[0m
?[0m?[0;34m2022-12-15 19:10:12.248 DEBUG 59135 --- [nio-8889-exec-9] platform.CodeController                  : 
?[0m?[0;34m/api/code/{n} Snippet #15 T: 0 V: 0
?[1;31m
Start test 96?[0m
?[0m?[0;34m2022-12-15 19:10:12.252 DEBUG 59135 --- [io-8889-exec-10] platform.CodeController                  : 
?[0m?[0;34m/code/{n} Snippet #15 T: 0 V: 0
?[1;31m
Start test 97?[0m
?[0m?[0;34m2022-12-15 19:10:12.257 DEBUG 59135 --- [nio-8889-exec-1] platform.CodeController                  : 
?[0m?[0;34m/api/code/{n} Snippet #17 T: 0 V: 0
?[1;31m
Start test 98?[0m
?[0m?[0;34m2022-12-15 19:10:12.261 DEBUG 59135 --- [nio-8889-exec-2] platform.CodeController                  : 
?[0m?[0;34m/code/{n} Snippet #17 T: 0 V: 0
?[1;31m
Start test 99?[0m
?[0m?[0;34m2022-12-15 19:10:12.266 DEBUG 59135 --- [nio-8889-exec-3] platform.CodeController                  : 
?[0m?[0;34m/api/code/{n} Snippet #19 T: 0 V: 0
?[1;31m
Start test 100?[0m
?[0m?[0;34m2022-12-15 19:10:12.270 DEBUG 59135 --- [nio-8889-exec-4] platform.CodeController                  : 
?[0m?[0;34m/code/{n} Snippet #19 T: 0 V: 0
?[1;31m
Start test 101?[0m
?[0m?[0;34m2022-12-15 19:10:12.275 DEBUG 59135 --- [nio-8889-exec-5] platform.CodeController                  : 
?[0m?[0;34m/api/code/{n} Snippet #21 T: 0 V: 0
?[1;31m
Start test 102?[0m
?[0m?[0;34m2022-12-15 19:10:12.280 DEBUG 59135 --- [nio-8889-exec-6] platform.CodeController                  : 
?[0m?[0;34m/code/{n} Snippet #21 T: 0 V: 0
?[1;31m
Start test 103?[0m
?[0;34m2022-12-15 19:10:17.820  INFO 59135 --- [       Thread-7] j.LocalContainerEntityManagerFactoryBean : Closing JPA EntityManagerFactory for persistence unit 'default'
?[0m?[0;34m2022-12-15 19:10:17.821  INFO 59135 --- [       Thread-7] com.zaxxer.hikari.HikariDataSource       : HikariPool-2 - Shutdown initiated...
?[0m?[0;34m2022-12-15 19:10:17.859  INFO 59135 --- [       Thread-7] com.zaxxer.hikari.HikariDataSource       : HikariPool-2 - Shutdown completed.
?[0;34m
?[0m?[0;34m  .   ____          _            __ _ _
?[0m?[0;34m /\\ / ___'_ __ _ _(_)_ __  __ _ \ \ \ \
?[0m?[0;34m( ( )\___ | '_ | '_| | '_ \/ _` | \ \ \ \
?[0m?[0;34m \\/  ___)| |_)| | | | | || (_| |  ) ) ) )
?[0m?[0;34m  '  |____| .__|_| |_|_| |_\__, | / / / /
?[0m?[0;34m =========|_|==============|___/=/_/_/_/
?[0m?[0;34m :: Spring Boot ::                (v2.5.6)
?[0m?[0;34m
?[0m?[0;34m2022-12-15 19:10:27.663  INFO 59135 --- [    Test worker] platform.CodeSharingPlatform             : Starting CodeSharingPlatform using Java 17.0.4.1 on Ahmets-MacBook-Air.local with PID 59135 (started by ahmetfikretcalikoglu in /Users/ahmetfikretcalikoglu/IdeaProjects/Code Sharing Platform/Code Sharing Platform/task)
?[0m?[0;34m2022-12-15 19:10:27.664 DEBUG 59135 --- [    Test worker] platform.CodeSharingPlatform             : Running with Spring Boot v2.5.6, Spring v5.3.12
?[0m?[0;34m2022-12-15 19:10:27.664  INFO 59135 --- [    Test worker] platform.CodeSharingPlatform             : No active profile set, falling back to default profiles: default
?[0m?[0;34m2022-12-15 19:10:27.760  INFO 59135 --- [    Test worker] .s.d.r.c.RepositoryConfigurationDelegate : Bootstrapping Spring Data JPA repositories in DEFAULT mode.
?[0m?[0;34m2022-12-15 19:10:27.762  INFO 59135 --- [    Test worker] .s.d.r.c.RepositoryConfigurationDelegate : Finished Spring Data repository scanning in 1 ms. Found 1 JPA repository interfaces.
?[0m?[0;34m2022-12-15 19:10:27.788  INFO 59135 --- [    Test worker] o.s.b.w.embedded.tomcat.TomcatWebServer  : Tomcat initialized with port(s): 8889 (http)
?[0m?[0;34m2022-12-15 19:10:27.788  INFO 59135 --- [    Test worker] o.apache.catalina.core.StandardService   : Starting service [Tomcat]
?[0m?[0;34m2022-12-15 19:10:27.789  INFO 59135 --- [    Test worker] org.apache.catalina.core.StandardEngine  : Starting Servlet engine: [Apache Tomcat/9.0.54]
?[0m?[0;34m2022-12-15 19:10:27.797  INFO 59135 --- [    Test worker] o.a.c.c.C.[Tomcat].[localhost].[/]       : Initializing Spring embedded WebApplicationContext
?[0m?[0;34m2022-12-15 19:10:27.797  INFO 59135 --- [    Test worker] w.s.c.ServletWebServerApplicationContext : Root WebApplicationContext: initialization completed in 132 ms
?[0m?[0;34m2022-12-15 19:10:27.807  INFO 59135 --- [    Test worker] com.zaxxer.hikari.HikariDataSource       : HikariPool-3 - Starting...
?[0m?[0;34m2022-12-15 19:10:27.812  INFO 59135 --- [    Test worker] com.zaxxer.hikari.HikariDataSource       : HikariPool-3 - Start completed.
?[0m?[0;34m2022-12-15 19:10:27.812  INFO 59135 --- [    Test worker] o.s.b.a.h2.H2ConsoleAutoConfiguration    : H2 console available at '/h2-console'. Database available at 'jdbc:h2:file:../snippets'
?[0m?[0;34m2022-12-15 19:10:27.826  INFO 59135 --- [    Test worker] o.hibernate.jpa.internal.util.LogHelper  : HHH000204: Processing PersistenceUnitInfo [name: default]
?[0m?[0;34m2022-12-15 19:10:27.828  INFO 59135 --- [    Test worker] org.hibernate.dialect.Dialect            : HHH000400: Using dialect: org.hibernate.dialect.H2Dialect
?[0m?[0;34m2022-12-15 19:10:27.845  INFO 59135 --- [    Test worker] o.h.e.t.j.p.i.JtaPlatformInitiator       : HHH000490: Using JtaPlatform implementation: [org.hibernate.engine.transaction.jta.platform.internal.NoJtaPlatform]
?[0m?[0;34m2022-12-15 19:10:27.845  INFO 59135 --- [    Test worker] j.LocalContainerEntityManagerFactoryBean : Initialized JPA EntityManagerFactory for persistence unit 'default'
?[0m?[0;34m2022-12-15 19:10:27.865  WARN 59135 --- [    Test worker] JpaBaseConfiguration$JpaWebConfiguration : spring.jpa.open-in-view is enabled by default. Therefore, database queries may be performed during view rendering. Explicitly configure spring.jpa.open-in-view to disable this warning
?[0m?[0;34m2022-12-15 19:10:27.921  INFO 59135 --- [    Test worker] o.s.b.a.e.web.EndpointLinksResolver      : Exposing 14 endpoint(s) beneath base path '/actuator'
?[0m?[0;34m2022-12-15 19:10:27.926  INFO 59135 --- [    Test worker] o.s.b.w.embedded.tomcat.TomcatWebServer  : Tomcat started on port(s): 8889 (http) with context path ''
?[0m?[0;34m2022-12-15 19:10:27.929  INFO 59135 --- [    Test worker] platform.CodeSharingPlatform             : Started CodeSharingPlatform in 0.286 seconds (JVM running for 29.574)
?[0m?[1;31m
Start test 104?[0m
?[1;31m
Start test 105?[0m
?[0;34m2022-12-15 19:10:27.931  INFO 59135 --- [nio-8889-exec-1] o.a.c.c.C.[Tomcat].[localhost].[/]       : Initializing Spring DispatcherServlet 'dispatcherServlet'
?[0m?[0;34m2022-12-15 19:10:27.931  INFO 59135 --- [nio-8889-exec-1] o.s.web.servlet.DispatcherServlet        : Initializing Servlet 'dispatcherServlet'
?[0m?[0;34m2022-12-15 19:10:27.932  INFO 59135 --- [nio-8889-exec-1] o.s.web.servlet.DispatcherServlet        : Completed initialization in 1 ms
?[0m?[0;34m2022-12-15 19:10:27.939 DEBUG 59135 --- [nio-8889-exec-1] platform.CodeController                  : 
?[0m?[0;34m/api/code/{n} Snippet #16 T: 84 V: 19
?[1;31m
Start test 106?[0m
?[0;34m2022-12-15 19:10:27.945 DEBUG 59135 --- [nio-8889-exec-2] platform.CodeController                  : 
?[0m?[0;34m/code/{n} Snippet #16 T: 100 V: 18
?[1;31m
Start test 107?[0m
?[0;34m2022-12-15 19:10:27.955 DEBUG 59135 --- [nio-8889-exec-3] platform.CodeController                  : 
?[0m?[0;34m/api/code/{n} Snippet #18 T: 0 V: 4
?[1;31m
Start test 108?[0m
?[0;34m2022-12-15 19:10:27.960 DEBUG 59135 --- [nio-8889-exec-4] platform.CodeController                  : 
?[0m?[0;34m/code/{n} Snippet #18 T: 0 V: 3
?[1;31m
Start test 109?[0m
?[0;34m2022-12-15 19:10:27.971 DEBUG 59135 --- [nio-8889-exec-5] platform.CodeController                  : 
?[0m?[0;34m/api/code/{n} not found
?[1;31m
Start test 110?[0m
?[1;31m
Start test 111?[0m
?[0;34m2022-12-15 19:10:27.985 DEBUG 59135 --- [nio-8889-exec-7] platform.CodeController                  : 
?[0m?[0;34m/api/code/{n} Snippet #22 T: 14 V: 0
?[1;31m
Start test 112?[0m
?[0;34m2022-12-15 19:10:27.989 DEBUG 59135 --- [nio-8889-exec-8] platform.CodeController                  : 
?[0m?[0;34m/code/{n} Snippet #22 T: 30 V: 0
?[1;31m
Start test 113?[0m
?[0;34m2022-12-15 19:10:27.995 DEBUG 59135 --- [nio-8889-exec-9] platform.CodeController                  : [
?[0m?[0;34m/api/code/latest Snippet #21 2022/12/15 19:10:12, 
?[0m?[0;34m/api/code/latest Snippet #19 2022/12/15 19:10:12, 
?[0m?[0;34m/api/code/latest Snippet #17 2022/12/15 19:10:12, 
?[0m?[0;34m/api/code/latest Snippet #15 2022/12/15 19:10:12, 
?[0m?[0;34m/api/code/latest Snippet #14 2022/12/15 19:10:01, 
?[0m?[0;34m/api/code/latest Snippet #13 2022/12/15 19:10:01, 
?[0m?[0;34m/api/code/latest Snippet #12 2022/12/15 19:10:01, 
?[0m?[0;34m/api/code/latest Snippet #11 2022/12/15 19:10:01, 
?[0m?[0;34m/api/code/latest Snippet #10 2022/12/15 19:10:01, 
?[0m?[0;34m/api/code/latest Snippet #9 2022/12/15 19:10:01]
?[1;31m
Start test 114?[0m
?[0;34m2022-12-15 19:10:28.001 DEBUG 59135 --- [io-8889-exec-10] platform.CodeController                  : [
?[0m?[0;34m/code/latest Snippet #21 2022/12/15 19:10:12, 
?[0m?[0;34m/code/latest Snippet #19 2022/12/15 19:10:12, 
?[0m?[0;34m/code/latest Snippet #17 2022/12/15 19:10:12, 
?[0m?[0;34m/code/latest Snippet #15 2022/12/15 19:10:12, 
?[0m?[0;34m/code/latest Snippet #14 2022/12/15 19:10:01, 
?[0m?[0;34m/code/latest Snippet #13 2022/12/15 19:10:01, 
?[0m?[0;34m/code/latest Snippet #12 2022/12/15 19:10:01, 
?[0m?[0;34m/code/latest Snippet #11 2022/12/15 19:10:01, 
?[0m?[0;34m/code/latest Snippet #10 2022/12/15 19:10:01, 
?[0m?[0;34m/code/latest Snippet #9 2022/12/15 19:10:01]
?[1;31m
Start test 115?[0m
?[0m?[0;34m2022-12-15 19:10:28.007 DEBUG 59135 --- [nio-8889-exec-1] platform.CodeController                  : 
?[0m?[0;34m/api/code/{n} Snippet #18 T: 0 V: 2
?[1;31m
Start test 116?[0m
?[0m?[0;34m2022-12-15 19:10:28.012 DEBUG 59135 --- [nio-8889-exec-2] platform.CodeController                  : 
?[0m?[0;34m/api/code/{n} Snippet #18 T: 0 V: 1
?[1;31m
Start test 117?[0m
?[0m?[0;34m2022-12-15 19:10:28.020 DEBUG 59135 --- [nio-8889-exec-2] platform.CodeController                  : 
?[0m?[0;34m/code/{n} Snippet #18 T: 0 V: 0
?[1;31m
Start test 118?[0m
?[0m?[0;34m2022-12-15 19:10:28.024 DEBUG 59135 --- [nio-8889-exec-3] platform.CodeController                  : 
?[0m?[0;34m/api/code/{n} not found
?[1;31m
Start test 119?[0m
]]></system-out>
  <system-err><![CDATA[]]></system-err>
</testsuite>
